<?xml version="1.0" encoding="UTF-8"?>
<!-- Generated by org.testng.reporters.JUnitXMLReporter -->
<testsuite ignored="1" hostname="Hanuma" failures="0" tests="2" name="Test" time="9.523" errors="0" timestamp="2024-08-02T10:20:02 IST">
  <testcase classname="testCases.TC02_LoginTest" name="verify_login" time="1.309"/>
  <testcase classname="testCases.TC01_AccountRegistration" name="testRegistration" time="3.168"/>
  <testcase classname="testCases.TC03_LoginDataDrivenTest" name="verify_LoginDDT" time="0.0">
    <ignored/>
  </testcase> <!-- verify_LoginDDT -->
</testsuite> <!-- Test -->
