<?xml version="1.0" encoding="UTF-8"?>
<testng-results ignored="0" total="2" passed="2" failed="0" skipped="0">
  <reporter-output>
  </reporter-output>
  <suite started-at="2024-08-03T13:16:25 IST" name="MasterSuite" finished-at="2024-08-03T13:16:35 IST" duration-ms="9809">
    <groups>
      <group name="regression">
        <method signature="TC01_AccountRegistration.testRegistration()[pri:0, instance:testCases.TC01_AccountRegistration@4af0df05]" name="testRegistration" class="testCases.TC01_AccountRegistration"/>
      </group> <!-- regression -->
      <group name="sanity">
        <method signature="TC01_AccountRegistration.testRegistration()[pri:0, instance:testCases.TC01_AccountRegistration@4af0df05]" name="testRegistration" class="testCases.TC01_AccountRegistration"/>
        <method signature="TC02_LoginTest.verify_login()[pri:0, instance:testCases.TC02_LoginTest@fc258b1]" name="verify_login" class="testCases.TC02_LoginTest"/>
      </group> <!-- sanity -->
      <group name="master">
        <method signature="TC01_AccountRegistration.testRegistration()[pri:0, instance:testCases.TC01_AccountRegistration@4af0df05]" name="testRegistration" class="testCases.TC01_AccountRegistration"/>
        <method signature="TC02_LoginTest.verify_login()[pri:0, instance:testCases.TC02_LoginTest@fc258b1]" name="verify_login" class="testCases.TC02_LoginTest"/>
      </group> <!-- master -->
    </groups>
    <test started-at="2024-08-03T13:16:25 IST" name="Test" finished-at="2024-08-03T13:16:35 IST" duration-ms="9809">
      <class name="testCases.TC01_AccountRegistration">
        <test-method is-config="true" signature="setup(java.lang.String,java.lang.String)[pri:0, instance:testCases.TC01_AccountRegistration@4af0df05]" started-at="2024-08-03T13:16:30 IST" name="setup" finished-at="2024-08-03T13:16:32 IST" duration-ms="1958" status="PASS">
          <params>
            <param index="0">
              <value>
                <![CDATA[windows]]>
              </value>
            </param>
            <param index="1">
              <value>
                <![CDATA[chrome]]>
              </value>
            </param>
          </params>
          <reporter-output>
          </reporter-output>
        </test-method> <!-- setup -->
        <test-method signature="testRegistration()[pri:0, instance:testCases.TC01_AccountRegistration@4af0df05]" started-at="2024-08-03T13:16:32 IST" name="testRegistration" finished-at="2024-08-03T13:16:35 IST" duration-ms="2806" status="PASS">
          <reporter-output>
          </reporter-output>
        </test-method> <!-- testRegistration -->
        <test-method is-config="true" signature="tearDown()[pri:0, instance:testCases.TC01_AccountRegistration@4af0df05]" started-at="2024-08-03T13:16:35 IST" name="tearDown" finished-at="2024-08-03T13:16:35 IST" duration-ms="181" status="PASS">
          <reporter-output>
          </reporter-output>
        </test-method> <!-- tearDown -->
      </class> <!-- testCases.TC01_AccountRegistration -->
      <class name="testCases.TC02_LoginTest">
        <test-method is-config="true" signature="setup(java.lang.String,java.lang.String)[pri:0, instance:testCases.TC02_LoginTest@fc258b1]" started-at="2024-08-03T13:16:26 IST" name="setup" finished-at="2024-08-03T13:16:28 IST" duration-ms="2750" status="PASS">
          <params>
            <param index="0">
              <value>
                <![CDATA[windows]]>
              </value>
            </param>
            <param index="1">
              <value>
                <![CDATA[chrome]]>
              </value>
            </param>
          </params>
          <reporter-output>
          </reporter-output>
        </test-method> <!-- setup -->
        <test-method signature="verify_login()[pri:0, instance:testCases.TC02_LoginTest@fc258b1]" started-at="2024-08-03T13:16:28 IST" name="verify_login" finished-at="2024-08-03T13:16:30 IST" duration-ms="1616" status="PASS">
          <reporter-output>
          </reporter-output>
        </test-method> <!-- verify_login -->
        <test-method is-config="true" signature="tearDown()[pri:0, instance:testCases.TC02_LoginTest@fc258b1]" started-at="2024-08-03T13:16:30 IST" name="tearDown" finished-at="2024-08-03T13:16:30 IST" duration-ms="183" status="PASS">
          <reporter-output>
          </reporter-output>
        </test-method> <!-- tearDown -->
      </class> <!-- testCases.TC02_LoginTest -->
    </test> <!-- Test -->
  </suite> <!-- MasterSuite -->
</testng-results>
