<?xml version="1.0" encoding="UTF-8"?>
<testng-results ignored="0" total="4" passed="4" failed="0" skipped="0">
  <reporter-output>
  </reporter-output>
  <suite started-at="2024-08-03T12:42:44 IST" name="Suite" finished-at="2024-08-03T12:43:11 IST" duration-ms="26972">
    <groups>
      <group name="regression">
        <method signature="TC01_AccountRegistration.testRegistration()[pri:0, instance:testCases.TC01_AccountRegistration@435fb7b5]" name="testRegistration" class="testCases.TC01_AccountRegistration"/>
        <method signature="TC01_AccountRegistration.testRegistration()[pri:0, instance:testCases.TC01_AccountRegistration@72ea6193]" name="testRegistration" class="testCases.TC01_AccountRegistration"/>
      </group> <!-- regression -->
      <group name="sanity">
        <method signature="TC01_AccountRegistration.testRegistration()[pri:0, instance:testCases.TC01_AccountRegistration@435fb7b5]" name="testRegistration" class="testCases.TC01_AccountRegistration"/>
        <method signature="TC02_LoginTest.verify_login()[pri:0, instance:testCases.TC02_LoginTest@b70da4c]" name="verify_login" class="testCases.TC02_LoginTest"/>
        <method signature="TC01_AccountRegistration.testRegistration()[pri:0, instance:testCases.TC01_AccountRegistration@72ea6193]" name="testRegistration" class="testCases.TC01_AccountRegistration"/>
        <method signature="TC02_LoginTest.verify_login()[pri:0, instance:testCases.TC02_LoginTest@a4ca3f6]" name="verify_login" class="testCases.TC02_LoginTest"/>
      </group> <!-- sanity -->
      <group name="master">
        <method signature="TC01_AccountRegistration.testRegistration()[pri:0, instance:testCases.TC01_AccountRegistration@435fb7b5]" name="testRegistration" class="testCases.TC01_AccountRegistration"/>
        <method signature="TC02_LoginTest.verify_login()[pri:0, instance:testCases.TC02_LoginTest@b70da4c]" name="verify_login" class="testCases.TC02_LoginTest"/>
        <method signature="TC01_AccountRegistration.testRegistration()[pri:0, instance:testCases.TC01_AccountRegistration@72ea6193]" name="testRegistration" class="testCases.TC01_AccountRegistration"/>
        <method signature="TC02_LoginTest.verify_login()[pri:0, instance:testCases.TC02_LoginTest@a4ca3f6]" name="verify_login" class="testCases.TC02_LoginTest"/>
      </group> <!-- master -->
    </groups>
    <test started-at="2024-08-03T12:42:44 IST" name="Linux-Chrome" finished-at="2024-08-03T12:42:54 IST" duration-ms="9838">
      <class name="testCases.TC01_AccountRegistration">
        <test-method is-config="true" signature="setup(java.lang.String,java.lang.String)[pri:0, instance:testCases.TC01_AccountRegistration@435fb7b5]" started-at="2024-08-03T12:42:50 IST" name="setup" finished-at="2024-08-03T12:42:51 IST" duration-ms="1593" status="PASS">
          <params>
            <param index="0">
              <value>
                <![CDATA[Linux]]>
              </value>
            </param>
            <param index="1">
              <value>
                <![CDATA[chrome]]>
              </value>
            </param>
          </params>
          <reporter-output>
          </reporter-output>
        </test-method> <!-- setup -->
        <test-method signature="testRegistration()[pri:0, instance:testCases.TC01_AccountRegistration@435fb7b5]" started-at="2024-08-03T12:42:51 IST" name="testRegistration" finished-at="2024-08-03T12:42:54 IST" duration-ms="2712" status="PASS">
          <reporter-output>
          </reporter-output>
        </test-method> <!-- testRegistration -->
        <test-method is-config="true" signature="tearDown()[pri:0, instance:testCases.TC01_AccountRegistration@435fb7b5]" started-at="2024-08-03T12:42:54 IST" name="tearDown" finished-at="2024-08-03T12:42:54 IST" duration-ms="99" status="PASS">
          <reporter-output>
          </reporter-output>
        </test-method> <!-- tearDown -->
      </class> <!-- testCases.TC01_AccountRegistration -->
      <class name="testCases.TC02_LoginTest">
        <test-method is-config="true" signature="setup(java.lang.String,java.lang.String)[pri:0, instance:testCases.TC02_LoginTest@b70da4c]" started-at="2024-08-03T12:42:44 IST" name="setup" finished-at="2024-08-03T12:42:48 IST" duration-ms="3209" status="PASS">
          <params>
            <param index="0">
              <value>
                <![CDATA[Linux]]>
              </value>
            </param>
            <param index="1">
              <value>
                <![CDATA[chrome]]>
              </value>
            </param>
          </params>
          <reporter-output>
          </reporter-output>
        </test-method> <!-- setup -->
        <test-method signature="verify_login()[pri:0, instance:testCases.TC02_LoginTest@b70da4c]" started-at="2024-08-03T12:42:48 IST" name="verify_login" finished-at="2024-08-03T12:42:49 IST" duration-ms="1752" status="PASS">
          <reporter-output>
          </reporter-output>
        </test-method> <!-- verify_login -->
        <test-method is-config="true" signature="tearDown()[pri:0, instance:testCases.TC02_LoginTest@b70da4c]" started-at="2024-08-03T12:42:49 IST" name="tearDown" finished-at="2024-08-03T12:42:50 IST" duration-ms="135" status="PASS">
          <reporter-output>
          </reporter-output>
        </test-method> <!-- tearDown -->
      </class> <!-- testCases.TC02_LoginTest -->
    </test> <!-- Linux-Chrome -->
    <test started-at="2024-08-03T12:42:55 IST" name="Linux-Firefox" finished-at="2024-08-03T12:43:11 IST" duration-ms="16376">
      <class name="testCases.TC01_AccountRegistration">
        <test-method is-config="true" signature="setup(java.lang.String,java.lang.String)[pri:0, instance:testCases.TC01_AccountRegistration@72ea6193]" started-at="2024-08-03T12:43:04 IST" name="setup" finished-at="2024-08-03T12:43:08 IST" duration-ms="4136" status="PASS">
          <params>
            <param index="0">
              <value>
                <![CDATA[Linux]]>
              </value>
            </param>
            <param index="1">
              <value>
                <![CDATA[firefox]]>
              </value>
            </param>
          </params>
          <reporter-output>
          </reporter-output>
        </test-method> <!-- setup -->
        <test-method signature="testRegistration()[pri:0, instance:testCases.TC01_AccountRegistration@72ea6193]" started-at="2024-08-03T12:43:08 IST" name="testRegistration" finished-at="2024-08-03T12:43:10 IST" duration-ms="2207" status="PASS">
          <reporter-output>
          </reporter-output>
        </test-method> <!-- testRegistration -->
        <test-method is-config="true" signature="tearDown()[pri:0, instance:testCases.TC01_AccountRegistration@72ea6193]" started-at="2024-08-03T12:43:10 IST" name="tearDown" finished-at="2024-08-03T12:43:11 IST" duration-ms="1191" status="PASS">
          <reporter-output>
          </reporter-output>
        </test-method> <!-- tearDown -->
      </class> <!-- testCases.TC01_AccountRegistration -->
      <class name="testCases.TC02_LoginTest">
        <test-method is-config="true" signature="setup(java.lang.String,java.lang.String)[pri:0, instance:testCases.TC02_LoginTest@a4ca3f6]" started-at="2024-08-03T12:42:55 IST" name="setup" finished-at="2024-08-03T12:43:01 IST" duration-ms="5970" status="PASS">
          <params>
            <param index="0">
              <value>
                <![CDATA[Linux]]>
              </value>
            </param>
            <param index="1">
              <value>
                <![CDATA[firefox]]>
              </value>
            </param>
          </params>
          <reporter-output>
          </reporter-output>
        </test-method> <!-- setup -->
        <test-method signature="verify_login()[pri:0, instance:testCases.TC02_LoginTest@a4ca3f6]" started-at="2024-08-03T12:43:01 IST" name="verify_login" finished-at="2024-08-03T12:43:02 IST" duration-ms="1646" status="PASS">
          <reporter-output>
          </reporter-output>
        </test-method> <!-- verify_login -->
        <test-method is-config="true" signature="tearDown()[pri:0, instance:testCases.TC02_LoginTest@a4ca3f6]" started-at="2024-08-03T12:43:02 IST" name="tearDown" finished-at="2024-08-03T12:43:04 IST" duration-ms="1215" status="PASS">
          <reporter-output>
          </reporter-output>
        </test-method> <!-- tearDown -->
      </class> <!-- testCases.TC02_LoginTest -->
    </test> <!-- Linux-Firefox -->
  </suite> <!-- Suite -->
</testng-results>
