<?xml version="1.0" encoding="UTF-8"?>
<testng-results ignored="0" total="2" passed="2" failed="0" skipped="0">
  <reporter-output>
  </reporter-output>
  <suite started-at="2024-08-03T17:42:17 IST" name="MasterSuite" finished-at="2024-08-03T17:42:29 IST" duration-ms="11955">
    <groups>
      <group name="regression">
        <method signature="TC04_ProductSearchTest.verify_product()[pri:0, instance:testCases.TC04_ProductSearchTest@4e858e0a]" name="verify_product" class="testCases.TC04_ProductSearchTest"/>
      </group> <!-- regression -->
      <group name="sanity">
        <method signature="TC02_LoginTest.verify_login()[pri:0, instance:testCases.TC02_LoginTest@70efb718]" name="verify_login" class="testCases.TC02_LoginTest"/>
      </group> <!-- sanity -->
      <group name="master">
        <method signature="TC02_LoginTest.verify_login()[pri:0, instance:testCases.TC02_LoginTest@70efb718]" name="verify_login" class="testCases.TC02_LoginTest"/>
        <method signature="TC04_ProductSearchTest.verify_product()[pri:0, instance:testCases.TC04_ProductSearchTest@4e858e0a]" name="verify_product" class="testCases.TC04_ProductSearchTest"/>
      </group> <!-- master -->
    </groups>
    <test started-at="2024-08-03T17:42:17 IST" name="Test" finished-at="2024-08-03T17:42:29 IST" duration-ms="11955">
      <class name="testCases.TC04_ProductSearchTest">
        <test-method is-config="true" signature="setup(java.lang.String,java.lang.String)[pri:0, instance:testCases.TC04_ProductSearchTest@4e858e0a]" started-at="2024-08-03T17:42:22 IST" name="setup" finished-at="2024-08-03T17:42:24 IST" duration-ms="1925" status="PASS">
          <params>
            <param index="0">
              <value>
                <![CDATA[windows]]>
              </value>
            </param>
            <param index="1">
              <value>
                <![CDATA[chrome]]>
              </value>
            </param>
          </params>
          <reporter-output>
          </reporter-output>
        </test-method> <!-- setup -->
        <test-method signature="verify_product()[pri:0, instance:testCases.TC04_ProductSearchTest@4e858e0a]" started-at="2024-08-03T17:42:24 IST" name="verify_product" finished-at="2024-08-03T17:42:29 IST" duration-ms="4822" status="PASS">
          <reporter-output>
          </reporter-output>
        </test-method> <!-- verify_product -->
        <test-method is-config="true" signature="tearDown()[pri:0, instance:testCases.TC04_ProductSearchTest@4e858e0a]" started-at="2024-08-03T17:42:29 IST" name="tearDown" finished-at="2024-08-03T17:42:29 IST" duration-ms="266" status="PASS">
          <reporter-output>
          </reporter-output>
        </test-method> <!-- tearDown -->
      </class> <!-- testCases.TC04_ProductSearchTest -->
      <class name="testCases.TC02_LoginTest">
        <test-method is-config="true" signature="setup(java.lang.String,java.lang.String)[pri:0, instance:testCases.TC02_LoginTest@70efb718]" started-at="2024-08-03T17:42:18 IST" name="setup" finished-at="2024-08-03T17:42:20 IST" duration-ms="2532" status="PASS">
          <params>
            <param index="0">
              <value>
                <![CDATA[windows]]>
              </value>
            </param>
            <param index="1">
              <value>
                <![CDATA[chrome]]>
              </value>
            </param>
          </params>
          <reporter-output>
          </reporter-output>
        </test-method> <!-- setup -->
        <test-method signature="verify_login()[pri:0, instance:testCases.TC02_LoginTest@70efb718]" started-at="2024-08-03T17:42:20 IST" name="verify_login" finished-at="2024-08-03T17:42:22 IST" duration-ms="1835" status="PASS">
          <reporter-output>
          </reporter-output>
        </test-method> <!-- verify_login -->
        <test-method is-config="true" signature="tearDown()[pri:0, instance:testCases.TC02_LoginTest@70efb718]" started-at="2024-08-03T17:42:22 IST" name="tearDown" finished-at="2024-08-03T17:42:22 IST" duration-ms="216" status="PASS">
          <reporter-output>
          </reporter-output>
        </test-method> <!-- tearDown -->
      </class> <!-- testCases.TC02_LoginTest -->
    </test> <!-- Test -->
  </suite> <!-- MasterSuite -->
</testng-results>
